<?xml version="1.0" encoding="UTF-8"?>
<testng-results skipped="0" failed="0" ignored="0" total="1" passed="1">
  <reporter-output>
  </reporter-output>
  <suite name="Default suite" duration-ms="1681" started-at="2020-03-31T15:58:47Z" finished-at="2020-03-31T15:58:49Z">
    <groups>
    </groups>
    <test name="Default test" duration-ms="1681" started-at="2020-03-31T15:58:47Z" finished-at="2020-03-31T15:58:49Z">
      <class name="com.api.testcases.CreateEmployeeTest">
        <test-method status="PASS" signature="sendrequest()[pri:0, instance:com.api.testcases.CreateEmployeeTest@1753acfe]" name="sendrequest" is-config="true" duration-ms="1624" started-at="2020-03-31T21:28:47Z" finished-at="2020-03-31T21:28:49Z">
          <reporter-output>
          </reporter-output>
        </test-method> <!-- sendrequest -->
        <test-method status="PASS" signature="verifycreateUser()[pri:0, instance:com.api.testcases.CreateEmployeeTest@1753acfe]" name="verifycreateUser" duration-ms="20" started-at="2020-03-31T21:28:49Z" finished-at="2020-03-31T21:28:49Z">
          <reporter-output>
          </reporter-output>
        </test-method> <!-- verifycreateUser -->
      </class> <!-- com.api.testcases.CreateEmployeeTest -->
    </test> <!-- Default test -->
  </suite> <!-- Default suite -->
</testng-results>
