<?xml version="1.0" encoding="UTF-8"?>
<testng-results skipped="0" failed="0" ignored="0" total="1" passed="1">
  <reporter-output>
  </reporter-output>
  <suite name="Default suite" duration-ms="6126" started-at="2020-02-24T11:56:00Z" finished-at="2020-02-24T11:56:06Z">
    <groups>
    </groups>
    <test name="Default test" duration-ms="6126" started-at="2020-02-24T11:56:00Z" finished-at="2020-02-24T11:56:06Z">
      <class name="practise.DynamicTest">
        <test-method status="PASS" signature="beforeMethod()[pri:0, instance:practise.DynamicTest@55f3ddb1]" name="beforeMethod" is-config="true" duration-ms="4892" started-at="2020-02-24T17:26:00Z" finished-at="2020-02-24T17:26:05Z">
          <reporter-output>
          </reporter-output>
        </test-method> <!-- beforeMethod -->
        <test-method status="PASS" signature="dynamictest()[pri:0, instance:practise.DynamicTest@55f3ddb1]" name="dynamictest" duration-ms="122" started-at="2020-02-24T17:26:05Z" finished-at="2020-02-24T17:26:05Z">
          <reporter-output>
          </reporter-output>
        </test-method> <!-- dynamictest -->
        <test-method status="PASS" signature="afterMethod()[pri:0, instance:practise.DynamicTest@55f3ddb1]" name="afterMethod" is-config="true" duration-ms="1077" started-at="2020-02-24T17:26:05Z" finished-at="2020-02-24T17:26:06Z">
          <reporter-output>
          </reporter-output>
        </test-method> <!-- afterMethod -->
      </class> <!-- practise.DynamicTest -->
    </test> <!-- Default test -->
  </suite> <!-- Default suite -->
</testng-results>
