<?xml version="1.0" encoding="UTF-8"?>
<!-- Generated by org.testng.reporters.JUnitXMLReporter -->
<testsuite hostname="Chetuiwk1258" ignored="0" name="Default test" tests="1" failures="1" timestamp="02 Mar 2020 11:09:27 GMT" time="3.622" errors="0">
  <testcase name="verifybodyresponse" time="3.559" classname="restassured.ErgastApi">
    <failure type="java.lang.AssertionError" message="1 expectation failed.
JSON path FirstName doesn&amp;apos;t match.
Expected: equalToIgnoringCase(&amp;quot;First Name 18&amp;quot;)
  Actual: [First Name 1, First Name 2, First Name 3, First Name 4, First Name 5, First Name 6, First Name 7, First Name 8, First Name 9, First Name 10, First Name 11, First Name 12, First Name 13, First Name 14, First Name 15, First Name 16, First Name 17, First Name 18, First Name 19, First Name 20, First Name 21, First Name 22, First Name 23, First Name 24, First Name 25, First Name 26, First Name 27, First Name 28, First Name 29, First Name 30, First Name 31, First Name 32, First Name 33, First Name 34, First Name 35, First Name 36, First Name 37, First Name 38, First Name 39, First Name 40, First Name 41, First Name 42, First Name 43, First Name 44, First Name 45, First Name 46, First Name 47, First Name 48, First Name 49, First Name 50, First Name 51, First Name 52, First Name 53, First Name 54, First Name 55, First Name 56, First Name 57, First Name 58, First Name 59, First Name 60, First Name 61, First Name 62, First Name 63, First Name 64, First Name 65, First Name 66, First Name 67, First Name 68, First Name 69, First Name 70, First Name 71, First Name 72, First Name 73, First Name 74, First Name 75, First Name 76, First Name 77, First Name 78, First Name 79, First Name 80, First Name 81, First Name 82, First Name 83, First Name 84, First Name 85, First Name 86, First Name 87, First Name 88, First Name 89, First Name 90, First Name 91, First Name 92, First Name 93, First Name 94, First Name 95, First Name 96, First Name 97, First Name 98, First Name 99, First Name 100, First Name 101, First Name 102, First Name 103, First Name 104, First Name 105, First Name 106, First Name 107, First Name 108, First Name 109, First Name 110, First Name 111, First Name 112, First Name 113, First Name 114, First Name 115, First Name 116, First Name 117, First Name 118, First Name 119, First Name 120, First Name 121, First Name 122, First Name 123, First Name 124, First Name 125, First Name 126, First Name 127, First Name 128, First Name 129, First Name 130, First Name 131, First Name 132, First Name 133, First Name 134, First Name 135, First Name 136, First Name 137, First Name 138, First Name 139, First Name 140, First Name 141, First Name 142, First Name 143, First Name 144, First Name 145, First Name 146, First Name 147, First Name 148, First Name 149, First Name 150, First Name 151, First Name 152, First Name 153, First Name 154, First Name 155, First Name 156, First Name 157, First Name 158, First Name 159, First Name 160, First Name 161, First Name 162, First Name 163, First Name 164, First Name 165, First Name 166, First Name 167, First Name 168, First Name 169, First Name 170, First Name 171, First Name 172, First Name 173, First Name 174, First Name 175, First Name 176, First Name 177, First Name 178, First Name 179, First Name 180, First Name 181, First Name 182, First Name 183, First Name 184, First Name 185, First Name 186, First Name 187, First Name 188, First Name 189, First Name 190, First Name 191, First Name 192, First Name 193, First Name 194, First Name 195, First Name 196, First Name 197, First Name 198, First Name 199, First Name 200, First Name 201, First Name 202, First Name 203, First Name 204, First Name 205, First Name 206, First Name 207, First Name 208, First Name 209, First Name 210, First Name 211, First Name 212, First Name 213, First Name 214, First Name 215, First Name 216, First Name 217, First Name 218, First Name 219, First Name 220, First Name 221, First Name 222, First Name 223, First Name 224, First Name 225, First Name 226, First Name 227, First Name 228, First Name 229, First Name 230, First Name 231, First Name 232, First Name 233, First Name 234, First Name 235, First Name 236, First Name 237, First Name 238, First Name 239, First Name 240, First Name 241, First Name 242, First Name 243, First Name 244, First Name 245, First Name 246, First Name 247, First Name 248, First Name 249, First Name 250, First Name 251, First Name 252, First Name 253, First Name 254, First Name 255, First Name 256, First Name 257, First Name 258, First Name 259, First Name 260, First Name 261, First Name 262, First Name 263, First Name 264, First Name 265, First Name 266, First Name 267, First Name 268, First Name 269, First Name 270, First Name 271, First Name 272, First Name 273, First Name 274, First Name 275, First Name 276, First Name 277, First Name 278, First Name 279, First Name 280, First Name 281, First Name 282, First Name 283, First Name 284, First Name 285, First Name 286, First Name 287, First Name 288, First Name 289, First Name 290, First Name 291, First Name 292, First Name 293, First Name 294, First Name 295, First Name 296, First Name 297, First Name 298, First Name 299, First Name 300, First Name 301, First Name 302, First Name 303, First Name 304, First Name 305, First Name 306, First Name 307, First Name 308, First Name 309, First Name 310, First Name 311, First Name 312, First Name 313, First Name 314, First Name 315, First Name 316, First Name 317, First Name 318, First Name 319, First Name 320, First Name 321, First Name 322, First Name 323, First Name 324, First Name 325, First Name 326, First Name 327, First Name 328, First Name 329, First Name 330, First Name 331, First Name 332, First Name 333, First Name 334, First Name 335, First Name 336, First Name 337, First Name 338, First Name 339, First Name 340, First Name 341, First Name 342, First Name 343, First Name 344, First Name 345, First Name 346, First Name 347, First Name 348, First Name 349, First Name 350, First Name 351, First Name 352, First Name 353, First Name 354, First Name 355, First Name 356, First Name 357, First Name 358, First Name 359, First Name 360, First Name 361, First Name 362, First Name 363, First Name 364, First Name 365, First Name 366, First Name 367, First Name 368, First Name 369, First Name 370, First Name 371, First Name 372, First Name 373, First Name 374, First Name 375, First Name 376, First Name 377, First Name 378, First Name 379, First Name 380, First Name 381, First Name 382, First Name 383, First Name 384, First Name 385, First Name 386, First Name 387, First Name 388, First Name 389, First Name 390, First Name 391, First Name 392, First Name 393, First Name 394, First Name 395, First Name 396, First Name 397, First Name 398, First Name 399, First Name 400, First Name 401, First Name 402, First Name 403, First Name 404, First Name 405, First Name 406, First Name 407, First Name 408, First Name 409, First Name 410, First Name 411, First Name 412, First Name 413, First Name 414, First Name 415, First Name 416, First Name 417, First Name 418, First Name 419, First Name 420, First Name 421, First Name 422, First Name 423, First Name 424, First Name 425, First Name 426, First Name 427, First Name 428, First Name 429, First Name 430, First Name 431, First Name 432, First Name 433, First Name 434, First Name 435, First Name 436, First Name 437, First Name 438, First Name 439, First Name 440, First Name 441, First Name 442, First Name 443, First Name 444, First Name 445, First Name 446, First Name 447, First Name 448, First Name 449, First Name 450, First Name 451, First Name 452, First Name 453, First Name 454, First Name 455, First Name 456, First Name 457, First Name 458, First Name 459, First Name 460, First Name 461, First Name 462, First Name 463, First Name 464, First Name 465, First Name 466, First Name 467, First Name 468, First Name 469, First Name 470, First Name 471, First Name 472, First Name 473, First Name 474, First Name 475, First Name 476, First Name 477, First Name 478, First Name 479, First Name 480, First Name 481, First Name 482, First Name 483, First Name 484, First Name 485, First Name 486, First Name 487, First Name 488, First Name 489, First Name 490, First Name 491, First Name 492, First Name 493, First Name 494, First Name 495, First Name 496, First Name 497, First Name 498, First Name 499, First Name 500, First Name 501, First Name 502, First Name 503, First Name 504, First Name 505, First Name 506, First Name 507, First Name 508, First Name 509, First Name 510, First Name 511, First Name 512, First Name 513, First Name 514, First Name 515, First Name 516, First Name 517, First Name 518, First Name 519, First Name 520, First Name 521, First Name 522, First Name 523, First Name 524, First Name 525, First Name 526, First Name 527, First Name 528, First Name 529, First Name 530, First Name 531, First Name 532, First Name 533, First Name 534, First Name 535, First Name 536, First Name 537, First Name 538, First Name 539, First Name 540, First Name 541, First Name 542, First Name 543, First Name 544, First Name 545, First Name 546, First Name 547, First Name 548, First Name 549, First Name 550, First Name 551, First Name 552, First Name 553, First Name 554, First Name 555, First Name 556, First Name 557, First Name 558, First Name 559, First Name 560, First Name 561, First Name 562, First Name 563, First Name 564, First Name 565, First Name 566, First Name 567, First Name 568, First Name 569, First Name 570, First Name 571, First Name 572, First Name 573, First Name 574, First Name 575, First Name 576, First Name 577, First Name 578, First Name 579, First Name 580, First Name 581, First Name 582, First Name 583, First Name 584, First Name 585, First Name 586, First Name 587, First Name 588, First Name 589, First Name 590, First Name 591, First Name 592, First Name 593, First Name 594, First Name 595, First Name 596, First Name 597, First Name 598, First Name 599, First Name 600]
">
      <![CDATA[java.lang.AssertionError: 1 expectation failed.
JSON path FirstName doesn't match.
Expected: equalToIgnoringCase("First Name 18")
  Actual: [First Name 1, First Name 2, First Name 3, First Name 4, First Name 5, First Name 6, First Name 7, First Name 8, First Name 9, First Name 10, First Name 11, First Name 12, First Name 13, First Name 14, First Name 15, First Name 16, First Name 17, First Name 18, First Name 19, First Name 20, First Name 21, First Name 22, First Name 23, First Name 24, First Name 25, First Name 26, First Name 27, First Name 28, First Name 29, First Name 30, First Name 31, First Name 32, First Name 33, First Name 34, First Name 35, First Name 36, First Name 37, First Name 38, First Name 39, First Name 40, First Name 41, First Name 42, First Name 43, First Name 44, First Name 45, First Name 46, First Name 47, First Name 48, First Name 49, First Name 50, First Name 51, First Name 52, First Name 53, First Name 54, First Name 55, First Name 56, First Name 57, First Name 58, First Name 59, First Name 60, First Name 61, First Name 62, First Name 63, First Name 64, First Name 65, First Name 66, First Name 67, First Name 68, First Name 69, First Name 70, First Name 71, First Name 72, First Name 73, First Name 74, First Name 75, First Name 76, First Name 77, First Name 78, First Name 79, First Name 80, First Name 81, First Name 82, First Name 83, First Name 84, First Name 85, First Name 86, First Name 87, First Name 88, First Name 89, First Name 90, First Name 91, First Name 92, First Name 93, First Name 94, First Name 95, First Name 96, First Name 97, First Name 98, First Name 99, First Name 100, First Name 101, First Name 102, First Name 103, First Name 104, First Name 105, First Name 106, First Name 107, First Name 108, First Name 109, First Name 110, First Name 111, First Name 112, First Name 113, First Name 114, First Name 115, First Name 116, First Name 117, First Name 118, First Name 119, First Name 120, First Name 121, First Name 122, First Name 123, First Name 124, First Name 125, First Name 126, First Name 127, First Name 128, First Name 129, First Name 130, First Name 131, First Name 132, First Name 133, First Name 134, First Name 135, First Name 136, First Name 137, First Name 138, First Name 139, First Name 140, First Name 141, First Name 142, First Name 143, First Name 144, First Name 145, First Name 146, First Name 147, First Name 148, First Name 149, First Name 150, First Name 151, First Name 152, First Name 153, First Name 154, First Name 155, First Name 156, First Name 157, First Name 158, First Name 159, First Name 160, First Name 161, First Name 162, First Name 163, First Name 164, First Name 165, First Name 166, First Name 167, First Name 168, First Name 169, First Name 170, First Name 171, First Name 172, First Name 173, First Name 174, First Name 175, First Name 176, First Name 177, First Name 178, First Name 179, First Name 180, First Name 181, First Name 182, First Name 183, First Name 184, First Name 185, First Name 186, First Name 187, First Name 188, First Name 189, First Name 190, First Name 191, First Name 192, First Name 193, First Name 194, First Name 195, First Name 196, First Name 197, First Name 198, First Name 199, First Name 200, First Name 201, First Name 202, First Name 203, First Name 204, First Name 205, First Name 206, First Name 207, First Name 208, First Name 209, First Name 210, First Name 211, First Name 212, First Name 213, First Name 214, First Name 215, First Name 216, First Name 217, First Name 218, First Name 219, First Name 220, First Name 221, First Name 222, First Name 223, First Name 224, First Name 225, First Name 226, First Name 227, First Name 228, First Name 229, First Name 230, First Name 231, First Name 232, First Name 233, First Name 234, First Name 235, First Name 236, First Name 237, First Name 238, First Name 239, First Name 240, First Name 241, First Name 242, First Name 243, First Name 244, First Name 245, First Name 246, First Name 247, First Name 248, First Name 249, First Name 250, First Name 251, First Name 252, First Name 253, First Name 254, First Name 255, First Name 256, First Name 257, First Name 258, First Name 259, First Name 260, First Name 261, First Name 262, First Name 263, First Name 264, First Name 265, First Name 266, First Name 267, First Name 268, First Name 269, First Name 270, First Name 271, First Name 272, First Name 273, First Name 274, First Name 275, First Name 276, First Name 277, First Name 278, First Name 279, First Name 280, First Name 281, First Name 282, First Name 283, First Name 284, First Name 285, First Name 286, First Name 287, First Name 288, First Name 289, First Name 290, First Name 291, First Name 292, First Name 293, First Name 294, First Name 295, First Name 296, First Name 297, First Name 298, First Name 299, First Name 300, First Name 301, First Name 302, First Name 303, First Name 304, First Name 305, First Name 306, First Name 307, First Name 308, First Name 309, First Name 310, First Name 311, First Name 312, First Name 313, First Name 314, First Name 315, First Name 316, First Name 317, First Name 318, First Name 319, First Name 320, First Name 321, First Name 322, First Name 323, First Name 324, First Name 325, First Name 326, First Name 327, First Name 328, First Name 329, First Name 330, First Name 331, First Name 332, First Name 333, First Name 334, First Name 335, First Name 336, First Name 337, First Name 338, First Name 339, First Name 340, First Name 341, First Name 342, First Name 343, First Name 344, First Name 345, First Name 346, First Name 347, First Name 348, First Name 349, First Name 350, First Name 351, First Name 352, First Name 353, First Name 354, First Name 355, First Name 356, First Name 357, First Name 358, First Name 359, First Name 360, First Name 361, First Name 362, First Name 363, First Name 364, First Name 365, First Name 366, First Name 367, First Name 368, First Name 369, First Name 370, First Name 371, First Name 372, First Name 373, First Name 374, First Name 375, First Name 376, First Name 377, First Name 378, First Name 379, First Name 380, First Name 381, First Name 382, First Name 383, First Name 384, First Name 385, First Name 386, First Name 387, First Name 388, First Name 389, First Name 390, First Name 391, First Name 392, First Name 393, First Name 394, First Name 395, First Name 396, First Name 397, First Name 398, First Name 399, First Name 400, First Name 401, First Name 402, First Name 403, First Name 404, First Name 405, First Name 406, First Name 407, First Name 408, First Name 409, First Name 410, First Name 411, First Name 412, First Name 413, First Name 414, First Name 415, First Name 416, First Name 417, First Name 418, First Name 419, First Name 420, First Name 421, First Name 422, First Name 423, First Name 424, First Name 425, First Name 426, First Name 427, First Name 428, First Name 429, First Name 430, First Name 431, First Name 432, First Name 433, First Name 434, First Name 435, First Name 436, First Name 437, First Name 438, First Name 439, First Name 440, First Name 441, First Name 442, First Name 443, First Name 444, First Name 445, First Name 446, First Name 447, First Name 448, First Name 449, First Name 450, First Name 451, First Name 452, First Name 453, First Name 454, First Name 455, First Name 456, First Name 457, First Name 458, First Name 459, First Name 460, First Name 461, First Name 462, First Name 463, First Name 464, First Name 465, First Name 466, First Name 467, First Name 468, First Name 469, First Name 470, First Name 471, First Name 472, First Name 473, First Name 474, First Name 475, First Name 476, First Name 477, First Name 478, First Name 479, First Name 480, First Name 481, First Name 482, First Name 483, First Name 484, First Name 485, First Name 486, First Name 487, First Name 488, First Name 489, First Name 490, First Name 491, First Name 492, First Name 493, First Name 494, First Name 495, First Name 496, First Name 497, First Name 498, First Name 499, First Name 500, First Name 501, First Name 502, First Name 503, First Name 504, First Name 505, First Name 506, First Name 507, First Name 508, First Name 509, First Name 510, First Name 511, First Name 512, First Name 513, First Name 514, First Name 515, First Name 516, First Name 517, First Name 518, First Name 519, First Name 520, First Name 521, First Name 522, First Name 523, First Name 524, First Name 525, First Name 526, First Name 527, First Name 528, First Name 529, First Name 530, First Name 531, First Name 532, First Name 533, First Name 534, First Name 535, First Name 536, First Name 537, First Name 538, First Name 539, First Name 540, First Name 541, First Name 542, First Name 543, First Name 544, First Name 545, First Name 546, First Name 547, First Name 548, First Name 549, First Name 550, First Name 551, First Name 552, First Name 553, First Name 554, First Name 555, First Name 556, First Name 557, First Name 558, First Name 559, First Name 560, First Name 561, First Name 562, First Name 563, First Name 564, First Name 565, First Name 566, First Name 567, First Name 568, First Name 569, First Name 570, First Name 571, First Name 572, First Name 573, First Name 574, First Name 575, First Name 576, First Name 577, First Name 578, First Name 579, First Name 580, First Name 581, First Name 582, First Name 583, First Name 584, First Name 585, First Name 586, First Name 587, First Name 588, First Name 589, First Name 590, First Name 591, First Name 592, First Name 593, First Name 594, First Name 595, First Name 596, First Name 597, First Name 598, First Name 599, First Name 600]

	at sun.reflect.NativeConstructorAccessorImpl.newInstance0(Native Method)
	at sun.reflect.NativeConstructorAccessorImpl.newInstance(Unknown Source)
	at sun.reflect.DelegatingConstructorAccessorImpl.newInstance(Unknown Source)
	at java.lang.reflect.Constructor.newInstance(Unknown Source)
	at org.codehaus.groovy.reflection.CachedConstructor.invoke(CachedConstructor.java:83)
	at org.codehaus.groovy.reflection.CachedConstructor.doConstructorInvoke(CachedConstructor.java:77)
	at org.codehaus.groovy.runtime.callsite.ConstructorSite$ConstructorSiteNoUnwrap.callConstructor(ConstructorSite.java:84)
	at org.codehaus.groovy.runtime.callsite.CallSiteArray.defaultCallConstructor(CallSiteArray.java:60)
	at org.codehaus.groovy.runtime.callsite.AbstractCallSite.callConstructor(AbstractCallSite.java:235)
	at org.codehaus.groovy.runtime.callsite.AbstractCallSite.callConstructor(AbstractCallSite.java:247)
	at io.restassured.internal.ResponseSpecificationImpl$HamcrestAssertionClosure.validate(ResponseSpecificationImpl.groovy:451)
	at io.restassured.internal.ResponseSpecificationImpl$HamcrestAssertionClosure$validate$1.call(Unknown Source)
	at io.restassured.internal.ResponseSpecificationImpl.validateResponseIfRequired(ResponseSpecificationImpl.groovy:613)
	at sun.reflect.NativeMethodAccessorImpl.invoke0(Native Method)
	at sun.reflect.NativeMethodAccessorImpl.invoke(Unknown Source)
	at sun.reflect.DelegatingMethodAccessorImpl.invoke(Unknown Source)
	at java.lang.reflect.Method.invoke(Unknown Source)
	at org.codehaus.groovy.runtime.callsite.PogoMetaMethodSite$PogoCachedMethodSiteNoUnwrapNoCoerce.invoke(PogoMetaMethodSite.java:210)
	at org.codehaus.groovy.runtime.callsite.PogoMetaMethodSite.callCurrent(PogoMetaMethodSite.java:59)
	at org.codehaus.groovy.runtime.callsite.CallSiteArray.defaultCallCurrent(CallSiteArray.java:52)
	at org.codehaus.groovy.runtime.callsite.AbstractCallSite.callCurrent(AbstractCallSite.java:154)
	at org.codehaus.groovy.runtime.callsite.AbstractCallSite.callCurrent(AbstractCallSite.java:166)
	at io.restassured.internal.ResponseSpecificationImpl.content(ResponseSpecificationImpl.groovy:251)
	at io.restassured.specification.ResponseSpecification$content$1.callCurrent(Unknown Source)
	at org.codehaus.groovy.runtime.callsite.CallSiteArray.defaultCallCurrent(CallSiteArray.java:52)
	at org.codehaus.groovy.runtime.callsite.AbstractCallSite.callCurrent(AbstractCallSite.java:154)
	at org.codehaus.groovy.runtime.callsite.AbstractCallSite.callCurrent(AbstractCallSite.java:190)
	at io.restassured.internal.ResponseSpecificationImpl.body(ResponseSpecificationImpl.groovy:234)
	at io.restassured.internal.ValidatableResponseOptionsImpl.body(ValidatableResponseOptionsImpl.java:268)
	at restassured.ErgastApi.verifybodyresponse(ErgastApi.java:28)
	at sun.reflect.NativeMethodAccessorImpl.invoke0(Native Method)
	at sun.reflect.NativeMethodAccessorImpl.invoke(Unknown Source)
	at sun.reflect.DelegatingMethodAccessorImpl.invoke(Unknown Source)
	at java.lang.reflect.Method.invoke(Unknown Source)
	at org.testng.internal.MethodInvocationHelper.invokeMethod(MethodInvocationHelper.java:108)
	at org.testng.internal.Invoker.invokeMethod(Invoker.java:661)
	at org.testng.internal.Invoker.invokeTestMethod(Invoker.java:869)
	at org.testng.internal.Invoker.invokeTestMethods(Invoker.java:1193)
	at org.testng.internal.TestMethodWorker.invokeTestMethods(TestMethodWorker.java:126)
	at org.testng.internal.TestMethodWorker.run(TestMethodWorker.java:109)
	at org.testng.TestRunner.privateRun(TestRunner.java:744)
	at org.testng.TestRunner.run(TestRunner.java:602)
	at org.testng.SuiteRunner.runTest(SuiteRunner.java:380)
	at org.testng.SuiteRunner.runSequentially(SuiteRunner.java:375)
	at org.testng.SuiteRunner.privateRun(SuiteRunner.java:340)
	at org.testng.SuiteRunner.run(SuiteRunner.java:289)
	at org.testng.SuiteRunnerWorker.runSuite(SuiteRunnerWorker.java:52)
	at org.testng.SuiteRunnerWorker.run(SuiteRunnerWorker.java:86)
	at org.testng.TestNG.runSuitesSequentially(TestNG.java:1301)
	at org.testng.TestNG.runSuitesLocally(TestNG.java:1226)
	at org.testng.TestNG.runSuites(TestNG.java:1144)
	at org.testng.TestNG.run(TestNG.java:1115)
	at org.testng.remote.AbstractRemoteTestNG.run(AbstractRemoteTestNG.java:132)
	at org.testng.remote.RemoteTestNG.initAndRun(RemoteTestNG.java:230)
	at org.testng.remote.RemoteTestNG.main(RemoteTestNG.java:76)
]]>
    </failure>
  </testcase> <!-- verifybodyresponse -->
</testsuite> <!-- Default test -->
