<?xml version="1.0" encoding="UTF-8"?>
<!-- Generated by org.testng.reporters.JUnitXMLReporter -->
<testsuite hostname="Chetuiwk1258" ignored="1" name="Test" tests="4" failures="0" timestamp="04 Feb 2020 11:18:59 GMT" time="237.594" errors="0">
  <testcase name="verifysearchproduct" time="6.195" classname="com.amazon.Test.AmazonDashboardTest"/>
  <testcase name="verfiyproductdetails" time="1.602" classname="com.amazon.Test.AmazonAddToCartTest"/>
  <testcase name="verifyproductselection" time="36.604" classname="com.amazon.Test.AmazonProductListTest"/>
  <testcase name="verifyproductaddtocart" time="57.353" classname="com.amazon.Test.AmazonProductDetailTest"/>
  <testcase name="verifyloginpage" time="0.0" classname="com.amazon.Test.AmazonDashboardTest">
    <ignored/>
  </testcase> <!-- verifyloginpage -->
</testsuite> <!-- Test -->
